This file contains any messages produced by compilers while
running configure, to aid debugging if configure makes a mistake.

It was created by OpenCOBOL configure 1.1, which was
generated by GNU Autoconf 2.59.  Invocation command line was

  $ ./configure 

## --------- ##
## Platform. ##
## --------- ##

hostname = Xaviers-MacBook-Pro.local
uname -m = x86_64
uname -r = 13.0.2
uname -s = Darwin
uname -v = Darwin Kernel Version 13.0.2: Sun Sep 29 19:38:57 PDT 2013; root:xnu-2422.75.4~1/RELEASE_X86_64

/usr/bin/uname -p = i386
/bin/uname -X     = unknown

/bin/arch              = unknown
/usr/bin/arch -k       = unknown
/usr/convex/getsysinfo = unknown
hostinfo               = Mach kernel version:
	 Darwin Kernel Version 13.0.2: Sun Sep 29 19:38:57 PDT 2013; root:xnu-2422.75.4~1/RELEASE_X86_64
Kernel configured for up to 8 processors.
4 processors are physically available.
8 processors are logically available.
Processor type: i486 (Intel 80486)
Processors active: 0 1 2 3 4 5 6 7
Primary memory available: 8.00 gigabytes
Default processor set: 200 tasks, 1029 threads, 8 processors
Load average: 1.18, Mach factor: 6.81
/bin/machine           = unknown
/usr/bin/oslevel       = unknown
/bin/universe          = unknown

PATH: /usr/bin
PATH: /bin
PATH: /usr/sbin
PATH: /sbin
PATH: /usr/local/bin


## ----------- ##
## Core tests. ##
## ----------- ##

configure:1593: checking for a BSD-compatible install
configure:1648: result: /usr/bin/install -c
configure:1659: checking whether build environment is sane
configure:1702: result: yes
configure:1726: WARNING: `missing' script is too old or missing
configure:1767: checking for gawk
configure:1796: result: no
configure:1767: checking for mawk
configure:1796: result: no
configure:1767: checking for nawk
configure:1796: result: no
configure:1767: checking for awk
configure:1783: found /usr/bin/awk
configure:1793: result: awk
configure:1803: checking whether make sets $(MAKE)
configure:1823: result: yes
configure:1991: checking whether to enable maintainer-specific portions of Makefiles
configure:2000: result: no
configure:2136: checking for gcc
configure:2152: found /usr/bin/gcc
configure:2162: result: gcc
configure:2183: checking for C compiler version
configure:2186: gcc --version </dev/null >&5
Configured with: --prefix=/Applications/Xcode.app/Contents/Developer/usr --with-gxx-include-dir=/usr/include/c++/4.2.1
Apple LLVM version 5.0 (clang-500.2.79) (based on LLVM 3.3svn)
Target: x86_64-apple-darwin13.0.2
Thread model: posix
configure:2189: $? = 0
configure:2191: gcc -v </dev/null >&5
Configured with: --prefix=/Applications/Xcode.app/Contents/Developer/usr --with-gxx-include-dir=/usr/include/c++/4.2.1
Apple LLVM version 5.0 (clang-500.2.79) (based on LLVM 3.3svn)
Target: x86_64-apple-darwin13.0.2
Thread model: posix
configure:2194: $? = 0
configure:2196: gcc -V </dev/null >&5
clang: error: argument to '-V' is missing (expected 1 value)
clang: error: no input files
configure:2199: $? = 1
configure:2222: checking for C compiler default output file name
configure:2225: gcc    conftest.c  >&5
configure:2228: $? = 0
configure:2274: result: a.out
configure:2279: checking whether the C compiler works
configure:2285: ./a.out
configure:2288: $? = 0
configure:2305: result: yes
configure:2312: checking whether we are cross compiling
configure:2314: result: no
configure:2317: checking for suffix of executables
configure:2319: gcc -o conftest    conftest.c  >&5
configure:2322: $? = 0
configure:2347: result: 
configure:2353: checking for suffix of object files
configure:2374: gcc -c   conftest.c >&5
configure:2377: $? = 0
configure:2399: result: o
configure:2403: checking whether we are using the GNU C compiler
configure:2427: gcc -c   conftest.c >&5
configure:2433: $? = 0
configure:2437: test -z 
			 || test ! -s conftest.err
configure:2440: $? = 0
configure:2443: test -s conftest.o
configure:2446: $? = 0
configure:2459: result: yes
configure:2465: checking whether gcc accepts -g
configure:2486: gcc -c -g  conftest.c >&5
configure:2492: $? = 0
configure:2496: test -z 
			 || test ! -s conftest.err
configure:2499: $? = 0
configure:2502: test -s conftest.o
configure:2505: $? = 0
configure:2516: result: yes
configure:2533: checking for gcc option to accept ANSI C
configure:2603: gcc  -c -g -O2  conftest.c >&5
configure:2609: $? = 0
configure:2613: test -z 
			 || test ! -s conftest.err
configure:2616: $? = 0
configure:2619: test -s conftest.o
configure:2622: $? = 0
configure:2640: result: none needed
configure:2658: gcc -c -g -O2  conftest.c >&5
conftest.c:2:3: error: unknown type name 'choke'
  choke me
  ^
conftest.c:2:11: error: expected ';' after top level declarator
  choke me
          ^
          ;
2 errors generated.
configure:2664: $? = 1
configure: failed program was:
| #ifndef __cplusplus
|   choke me
| #endif
configure:2808: checking for style of include used by make
configure:2836: result: GNU
configure:2864: checking dependency style of gcc
configure:2954: result: gcc3
configure:2976: checking how to run the C preprocessor
configure:3011: gcc -E  conftest.c
configure:3017: $? = 0
configure:3049: gcc -E  conftest.c
conftest.c:12:10: fatal error: 'ac_nonexistent.h' file not found
#include <ac_nonexistent.h>
         ^
1 error generated.
configure:3055: $? = 1
configure: failed program was:
| /* confdefs.h.  */
| 
| #define PACKAGE_NAME "OpenCOBOL"
| #define PACKAGE_TARNAME "open-cobol"
| #define PACKAGE_VERSION "1.1"
| #define PACKAGE_STRING "OpenCOBOL 1.1"
| #define PACKAGE_BUGREPORT "open-cobol-list@lists.sourceforge.net"
| #define PACKAGE "open-cobol"
| #define VERSION "1.1"
| #define __USE_STRING_INLINES 1
| /* end confdefs.h.  */
| #include <ac_nonexistent.h>
configure:3094: result: gcc -E
configure:3118: gcc -E  conftest.c
configure:3124: $? = 0
configure:3156: gcc -E  conftest.c
conftest.c:12:10: fatal error: 'ac_nonexistent.h' file not found
#include <ac_nonexistent.h>
         ^
1 error generated.
configure:3162: $? = 1
configure: failed program was:
| /* confdefs.h.  */
| 
| #define PACKAGE_NAME "OpenCOBOL"
| #define PACKAGE_TARNAME "open-cobol"
| #define PACKAGE_VERSION "1.1"
| #define PACKAGE_STRING "OpenCOBOL 1.1"
| #define PACKAGE_BUGREPORT "open-cobol-list@lists.sourceforge.net"
| #define PACKAGE "open-cobol"
| #define VERSION "1.1"
| #define __USE_STRING_INLINES 1
| /* end confdefs.h.  */
| #include <ac_nonexistent.h>
configure:3205: checking for egrep
configure:3215: result: grep -E
configure:3248: checking for ANSI C header files
configure:3273: gcc -c -g -O2  conftest.c >&5
configure:3279: $? = 0
configure:3283: test -z 
			 || test ! -s conftest.err
configure:3286: $? = 0
configure:3289: test -s conftest.o
configure:3292: $? = 0
configure:3381: gcc -o conftest -g -O2   conftest.c  >&5
conftest.c:29:7: warning: implicitly declaring library function 'exit' with type 'void (int) __attribute__((noreturn))'
      exit(2);
      ^
conftest.c:29:7: note: please include the header <stdlib.h> or explicitly provide a declaration for 'exit'
1 warning generated.
configure:3384: $? = 0
configure:3386: ./conftest
configure:3389: $? = 0
configure:3404: result: yes
configure:3428: checking for sys/types.h
configure:3444: gcc -c -g -O2  conftest.c >&5
configure:3450: $? = 0
configure:3454: test -z 
			 || test ! -s conftest.err
configure:3457: $? = 0
configure:3460: test -s conftest.o
configure:3463: $? = 0
configure:3474: result: yes
configure:3428: checking for sys/stat.h
configure:3444: gcc -c -g -O2  conftest.c >&5
configure:3450: $? = 0
configure:3454: test -z 
			 || test ! -s conftest.err
configure:3457: $? = 0
configure:3460: test -s conftest.o
configure:3463: $? = 0
configure:3474: result: yes
configure:3428: checking for stdlib.h
configure:3444: gcc -c -g -O2  conftest.c >&5
configure:3450: $? = 0
configure:3454: test -z 
			 || test ! -s conftest.err
configure:3457: $? = 0
configure:3460: test -s conftest.o
configure:3463: $? = 0
configure:3474: result: yes
configure:3428: checking for string.h
configure:3444: gcc -c -g -O2  conftest.c >&5
configure:3450: $? = 0
configure:3454: test -z 
			 || test ! -s conftest.err
configure:3457: $? = 0
configure:3460: test -s conftest.o
configure:3463: $? = 0
configure:3474: result: yes
configure:3428: checking for memory.h
configure:3444: gcc -c -g -O2  conftest.c >&5
configure:3450: $? = 0
configure:3454: test -z 
			 || test ! -s conftest.err
configure:3457: $? = 0
configure:3460: test -s conftest.o
configure:3463: $? = 0
configure:3474: result: yes
configure:3428: checking for strings.h
configure:3444: gcc -c -g -O2  conftest.c >&5
configure:3450: $? = 0
configure:3454: test -z 
			 || test ! -s conftest.err
configure:3457: $? = 0
configure:3460: test -s conftest.o
configure:3463: $? = 0
configure:3474: result: yes
configure:3428: checking for inttypes.h
configure:3444: gcc -c -g -O2  conftest.c >&5
configure:3450: $? = 0
configure:3454: test -z 
			 || test ! -s conftest.err
configure:3457: $? = 0
configure:3460: test -s conftest.o
configure:3463: $? = 0
configure:3474: result: yes
configure:3428: checking for stdint.h
configure:3444: gcc -c -g -O2  conftest.c >&5
configure:3450: $? = 0
configure:3454: test -z 
			 || test ! -s conftest.err
configure:3457: $? = 0
configure:3460: test -s conftest.o
configure:3463: $? = 0
configure:3474: result: yes
configure:3428: checking for unistd.h
configure:3444: gcc -c -g -O2  conftest.c >&5
configure:3450: $? = 0
configure:3454: test -z 
			 || test ! -s conftest.err
configure:3457: $? = 0
configure:3460: test -s conftest.o
configure:3463: $? = 0
configure:3474: result: yes
configure:4399: checking whether ln -s works
configure:4403: result: yes
configure:4423: checking for a BSD-compatible install
configure:4478: result: /usr/bin/install -c
configure:4571: checking build system type
configure:4589: result: i386-apple-darwin13.0.2
configure:4597: checking host system type
configure:4611: result: i386-apple-darwin13.0.2
configure:4619: checking for a sed that does not truncate output
configure:4675: result: /usr/bin/sed
configure:4689: checking for ld used by gcc
configure:4756: result: /Applications/Xcode.app/Contents/Developer/Toolchains/XcodeDefault.xctoolchain/usr/bin/ld
configure:4765: checking if the linker (/Applications/Xcode.app/Contents/Developer/Toolchains/XcodeDefault.xctoolchain/usr/bin/ld) is GNU ld
configure:4780: result: no
configure:4785: checking for /Applications/Xcode.app/Contents/Developer/Toolchains/XcodeDefault.xctoolchain/usr/bin/ld option to reload object files
configure:4792: result: -r
configure:4810: checking for BSD-compatible nm
configure:4859: result: /usr/bin/nm
configure:4863: checking how to recognize dependent libraries
configure:5049: result: pass_all
configure:5543: checking dlfcn.h usability
configure:5555: gcc -c -g -O2  conftest.c >&5
configure:5561: $? = 0
configure:5565: test -z 
			 || test ! -s conftest.err
configure:5568: $? = 0
configure:5571: test -s conftest.o
configure:5574: $? = 0
configure:5584: result: yes
configure:5588: checking dlfcn.h presence
configure:5598: gcc -E  conftest.c
configure:5604: $? = 0
configure:5624: result: yes
configure:5659: checking for dlfcn.h
configure:5666: result: yes
configure:5922: checking the maximum length of command line arguments
configure:6034: result: 196608
configure:6046: checking command to parse /usr/bin/nm output from gcc object
configure:6151: gcc -c -g -O2  conftest.c >&5
configure:6154: $? = 0
configure:6158: /usr/bin/nm conftest.o \| sed -n -e 's/^.*[ 	]\([BCDEGRST][BCDEGRST]*\)[ 	][ 	]*\([_A-Za-z][_A-Za-z0-9]*\)$/\1 \2 \2/p' \> conftest.nm
configure:6161: $? = 0
cannot find nm_test_var in conftest.nm
configure:6151: gcc -c -g -O2  conftest.c >&5
configure:6154: $? = 0
configure:6158: /usr/bin/nm conftest.o \| sed -n -e 's/^.*[ 	]\([BCDEGRST][BCDEGRST]*\)[ 	][ 	]*_\([_A-Za-z][_A-Za-z0-9]*\)$/\1 _\2 \2/p' \> conftest.nm
configure:6161: $? = 0
configure:6213: gcc -o conftest -g -O2   conftest.c conftstm.o >&5
configure:6216: $? = 0
configure:6254: result: ok
configure:6258: checking for objdir
configure:6273: result: .libs
configure:6363: checking for ar
configure:6379: found /usr/bin/ar
configure:6390: result: ar
configure:6443: checking for ranlib
configure:6459: found /usr/bin/ranlib
configure:6470: result: ranlib
configure:6523: checking for strip
configure:6539: found /usr/bin/strip
configure:6550: result: strip
configure:6822: checking if gcc supports -fno-rtti -fno-exceptions
configure:6840: gcc -c -g -O2  -fno-rtti -fno-exceptions conftest.c >&5
configure:6844: $? = 0
configure:6857: result: yes
configure:6872: checking for gcc option to produce PIC
configure:7104: result: -fno-common
configure:7112: checking if gcc PIC flag -fno-common works
configure:7130: gcc -c -g -O2  -fno-common -DPIC conftest.c >&5
configure:7134: $? = 0
configure:7147: result: yes
configure:7175: checking if gcc static flag -static works
configure:7203: result: no
configure:7213: checking if gcc supports -c -o file.o
configure:7234: gcc -c -g -O2  -o out/conftest2.o conftest.c >&5
configure:7238: $? = 0
configure:7260: result: yes
configure:7286: checking whether the gcc linker (/Applications/Xcode.app/Contents/Developer/Toolchains/XcodeDefault.xctoolchain/usr/bin/ld) supports shared libraries
configure:8270: result: yes
configure:8337: checking dynamic linker characteristics
configure:8939: result: darwin13.0.2 dyld
configure:8948: checking how to hardcode library paths into programs
configure:8973: result: immediate
configure:8987: checking whether stripping libraries is possible
configure:9001: result: yes
configure:9042: checking for dlopen in -ldl
configure:9072: gcc -o conftest -g -O2   conftest.c -ldl   >&5
configure:9078: $? = 0
configure:9082: test -z 
			 || test ! -s conftest.err
configure:9085: $? = 0
configure:9088: test -s conftest
configure:9091: $? = 0
configure:9104: result: yes
configure:9609: checking whether a program can dlopen itself
configure:9683: gcc -o conftest -g -O2  -DHAVE_DLFCN_H   conftest.c -ldl  >&5
configure:9679:5: warning: implicitly declaring library function 'exit' with type 'void (int) __attribute__((noreturn))'
    exit (status);
    ^
configure:9679:5: note: please include the header <stdlib.h> or explicitly provide a declaration for 'exit'
1 warning generated.
configure:9686: $? = 0
configure:9704: result: yes
configure:9709: checking whether a statically linked program can dlopen itself
configure:9783: gcc -o conftest -g -O2  -DHAVE_DLFCN_H    conftest.c -ldl  >&5
configure:9779:5: warning: implicitly declaring library function 'exit' with type 'void (int) __attribute__((noreturn))'
    exit (status);
    ^
configure:9779:5: note: please include the header <stdlib.h> or explicitly provide a declaration for 'exit'
1 warning generated.
configure:9786: $? = 0
configure:9804: result: yes
configure:9827: checking if libtool supports shared libraries
configure:9829: result: yes
configure:9832: checking whether to build shared libraries
configure:9853: result: yes
configure:9856: checking whether to build static libraries
configure:9860: result: yes
configure:9953: creating libtool
configure:19157: checking whether make sets $(MAKE)
configure:19177: result: yes
configure:19188: checking for ANSI C header files
configure:19344: result: yes
configure:19369: checking for stdint.h
configure:19374: result: yes
configure:19369: checking for sys/types.h
configure:19374: result: yes
configure:19378: checking signal.h usability
configure:19390: gcc -c -g -O2  conftest.c >&5
configure:19396: $? = 0
configure:19400: test -z 
			 || test ! -s conftest.err
configure:19403: $? = 0
configure:19406: test -s conftest.o
configure:19409: $? = 0
configure:19419: result: yes
configure:19423: checking signal.h presence
configure:19433: gcc -E  conftest.c
configure:19439: $? = 0
configure:19459: result: yes
configure:19494: checking for signal.h
configure:19501: result: yes
configure:19378: checking fcntl.h usability
configure:19390: gcc -c -g -O2  conftest.c >&5
configure:19396: $? = 0
configure:19400: test -z 
			 || test ! -s conftest.err
configure:19403: $? = 0
configure:19406: test -s conftest.o
configure:19409: $? = 0
configure:19419: result: yes
configure:19423: checking fcntl.h presence
configure:19433: gcc -E  conftest.c
configure:19439: $? = 0
configure:19459: result: yes
configure:19494: checking for fcntl.h
configure:19501: result: yes
configure:19378: checking malloc.h usability
configure:19390: gcc -c -g -O2  conftest.c >&5
conftest.c:65:10: fatal error: 'malloc.h' file not found
#include <malloc.h>
         ^
1 error generated.
configure:19396: $? = 1
configure: failed program was:
| /* confdefs.h.  */
| 
| #define PACKAGE_NAME "OpenCOBOL"
| #define PACKAGE_TARNAME "open-cobol"
| #define PACKAGE_VERSION "1.1"
| #define PACKAGE_STRING "OpenCOBOL 1.1"
| #define PACKAGE_BUGREPORT "open-cobol-list@lists.sourceforge.net"
| #define PACKAGE "open-cobol"
| #define VERSION "1.1"
| #define __USE_STRING_INLINES 1
| #define STDC_HEADERS 1
| #define HAVE_SYS_TYPES_H 1
| #define HAVE_SYS_STAT_H 1
| #define HAVE_STDLIB_H 1
| #define HAVE_STRING_H 1
| #define HAVE_MEMORY_H 1
| #define HAVE_STRINGS_H 1
| #define HAVE_INTTYPES_H 1
| #define HAVE_STDINT_H 1
| #define HAVE_UNISTD_H 1
| #define WITH_DB 3
| #define PATCH_LEVEL 0
| #define WITH_VARSEQ 0
| #define HAVE_DLFCN_H 1
| #define STDC_HEADERS 1
| #define HAVE_STDINT_H 1
| #define HAVE_SYS_TYPES_H 1
| #define HAVE_SIGNAL_H 1
| #define HAVE_FCNTL_H 1
| /* end confdefs.h.  */
| #include <stdio.h>
| #if HAVE_SYS_TYPES_H
| # include <sys/types.h>
| #endif
| #if HAVE_SYS_STAT_H
| # include <sys/stat.h>
| #endif
| #if STDC_HEADERS
| # include <stdlib.h>
| # include <stddef.h>
| #else
| # if HAVE_STDLIB_H
| #  include <stdlib.h>
| # endif
| #endif
| #if HAVE_STRING_H
| # if !STDC_HEADERS && HAVE_MEMORY_H
| #  include <memory.h>
| # endif
| # include <string.h>
| #endif
| #if HAVE_STRINGS_H
| # include <strings.h>
| #endif
| #if HAVE_INTTYPES_H
| # include <inttypes.h>
| #else
| # if HAVE_STDINT_H
| #  include <stdint.h>
| # endif
| #endif
| #if HAVE_UNISTD_H
| # include <unistd.h>
| #endif
| #include <malloc.h>
configure:19419: result: no
configure:19423: checking malloc.h presence
configure:19433: gcc -E  conftest.c
conftest.c:31:10: fatal error: 'malloc.h' file not found
#include <malloc.h>
         ^
1 error generated.
configure:19439: $? = 1
configure: failed program was:
| /* confdefs.h.  */
| 
| #define PACKAGE_NAME "OpenCOBOL"
| #define PACKAGE_TARNAME "open-cobol"
| #define PACKAGE_VERSION "1.1"
| #define PACKAGE_STRING "OpenCOBOL 1.1"
| #define PACKAGE_BUGREPORT "open-cobol-list@lists.sourceforge.net"
| #define PACKAGE "open-cobol"
| #define VERSION "1.1"
| #define __USE_STRING_INLINES 1
| #define STDC_HEADERS 1
| #define HAVE_SYS_TYPES_H 1
| #define HAVE_SYS_STAT_H 1
| #define HAVE_STDLIB_H 1
| #define HAVE_STRING_H 1
| #define HAVE_MEMORY_H 1
| #define HAVE_STRINGS_H 1
| #define HAVE_INTTYPES_H 1
| #define HAVE_STDINT_H 1
| #define HAVE_UNISTD_H 1
| #define WITH_DB 3
| #define PATCH_LEVEL 0
| #define WITH_VARSEQ 0
| #define HAVE_DLFCN_H 1
| #define STDC_HEADERS 1
| #define HAVE_STDINT_H 1
| #define HAVE_SYS_TYPES_H 1
| #define HAVE_SIGNAL_H 1
| #define HAVE_FCNTL_H 1
| /* end confdefs.h.  */
| #include <malloc.h>
configure:19459: result: no
configure:19494: checking for malloc.h
configure:19501: result: no
configure:19378: checking locale.h usability
configure:19390: gcc -c -g -O2  conftest.c >&5
configure:19396: $? = 0
configure:19400: test -z 
			 || test ! -s conftest.err
configure:19403: $? = 0
configure:19406: test -s conftest.o
configure:19409: $? = 0
configure:19419: result: yes
configure:19423: checking locale.h presence
configure:19433: gcc -E  conftest.c
configure:19439: $? = 0
configure:19459: result: yes
configure:19494: checking for locale.h
configure:19501: result: yes
configure:19378: checking stddef.h usability
configure:19390: gcc -c -g -O2  conftest.c >&5
configure:19396: $? = 0
configure:19400: test -z 
			 || test ! -s conftest.err
configure:19403: $? = 0
configure:19406: test -s conftest.o
configure:19409: $? = 0
configure:19419: result: yes
configure:19423: checking stddef.h presence
configure:19433: gcc -E  conftest.c
configure:19439: $? = 0
configure:19459: result: yes
configure:19494: checking for stddef.h
configure:19501: result: yes
configure:19378: checking wchar.h usability
configure:19390: gcc -c -g -O2  conftest.c >&5
configure:19396: $? = 0
configure:19400: test -z 
			 || test ! -s conftest.err
configure:19403: $? = 0
configure:19406: test -s conftest.o
configure:19409: $? = 0
configure:19419: result: yes
configure:19423: checking wchar.h presence
configure:19433: gcc -E  conftest.c
configure:19439: $? = 0
configure:19459: result: yes
configure:19494: checking for wchar.h
configure:19501: result: yes
configure:19369: checking for dlfcn.h
configure:19374: result: yes
configure:19378: checking sys/time.h usability
configure:19390: gcc -c -g -O2  conftest.c >&5
configure:19396: $? = 0
configure:19400: test -z 
			 || test ! -s conftest.err
configure:19403: $? = 0
configure:19406: test -s conftest.o
configure:19409: $? = 0
configure:19419: result: yes
configure:19423: checking sys/time.h presence
configure:19433: gcc -E  conftest.c
configure:19439: $? = 0
configure:19459: result: yes
configure:19494: checking for sys/time.h
configure:19501: result: yes
configure:19516: checking for an ANSI C-conforming const
configure:19583: gcc -c -g -O2  conftest.c >&5
configure:19589: $? = 0
configure:19593: test -z 
			 || test ! -s conftest.err
configure:19596: $? = 0
configure:19599: test -s conftest.o
configure:19602: $? = 0
configure:19613: result: yes
configure:19623: checking whether byte ordering is bigendian
configure:19650: gcc -c -g -O2  conftest.c >&5
configure:19656: $? = 0
configure:19660: test -z 
			 || test ! -s conftest.err
configure:19663: $? = 0
configure:19666: test -s conftest.o
configure:19669: $? = 0
configure:19693: gcc -c -g -O2  conftest.c >&5
conftest.c:43:2: error: use of undeclared identifier 'not'
 not big endian
 ^
1 error generated.
configure:19699: $? = 1
configure: failed program was:
| /* confdefs.h.  */
| 
| #define PACKAGE_NAME "OpenCOBOL"
| #define PACKAGE_TARNAME "open-cobol"
| #define PACKAGE_VERSION "1.1"
| #define PACKAGE_STRING "OpenCOBOL 1.1"
| #define PACKAGE_BUGREPORT "open-cobol-list@lists.sourceforge.net"
| #define PACKAGE "open-cobol"
| #define VERSION "1.1"
| #define __USE_STRING_INLINES 1
| #define STDC_HEADERS 1
| #define HAVE_SYS_TYPES_H 1
| #define HAVE_SYS_STAT_H 1
| #define HAVE_STDLIB_H 1
| #define HAVE_STRING_H 1
| #define HAVE_MEMORY_H 1
| #define HAVE_STRINGS_H 1
| #define HAVE_INTTYPES_H 1
| #define HAVE_STDINT_H 1
| #define HAVE_UNISTD_H 1
| #define WITH_DB 3
| #define PATCH_LEVEL 0
| #define WITH_VARSEQ 0
| #define HAVE_DLFCN_H 1
| #define STDC_HEADERS 1
| #define HAVE_STDINT_H 1
| #define HAVE_SYS_TYPES_H 1
| #define HAVE_SIGNAL_H 1
| #define HAVE_FCNTL_H 1
| #define HAVE_LOCALE_H 1
| #define HAVE_STDDEF_H 1
| #define HAVE_WCHAR_H 1
| #define HAVE_DLFCN_H 1
| #define HAVE_SYS_TIME_H 1
| /* end confdefs.h.  */
| #include <sys/types.h>
| #include <sys/param.h>
| 
| int
| main ()
| {
| #if BYTE_ORDER != BIG_ENDIAN
|  not big endian
| #endif
| 
|   ;
|   return 0;
| }
configure:19834: result: no
configure:19853: checking for size_t
configure:19877: gcc -c -g -O2  conftest.c >&5
configure:19883: $? = 0
configure:19887: test -z 
			 || test ! -s conftest.err
configure:19890: $? = 0
configure:19893: test -s conftest.o
configure:19896: $? = 0
configure:19907: result: yes
configure:19919: checking whether struct tm is in sys/time.h or time.h
configure:19942: gcc -c -g -O2  conftest.c >&5
conftest.c:42:20: warning: expression result unused [-Wunused-value]
struct tm *tp; tp->tm_sec;
               ~~  ^~~~~~
1 warning generated.
configure:19948: $? = 0
configure:19952: test -z 
			 || test ! -s conftest.err
configure:19955: $? = 0
configure:19958: test -s conftest.o
configure:19961: $? = 0
configure:19972: result: time.h
configure:19983: checking for inline
configure:20004: gcc -c -g -O2  conftest.c >&5
configure:20010: $? = 0
configure:20014: test -z 
			 || test ! -s conftest.err
configure:20017: $? = 0
configure:20020: test -s conftest.o
configure:20023: $? = 0
configure:20035: result: inline
configure:20066: checking for working alloca.h
configure:20087: gcc -o conftest -g -O2   conftest.c  >&5
configure:20093: $? = 0
configure:20097: test -z 
			 || test ! -s conftest.err
configure:20100: $? = 0
configure:20103: test -s conftest
configure:20106: $? = 0
configure:20118: result: yes
configure:20128: checking for alloca
configure:20169: gcc -o conftest -g -O2   conftest.c  >&5
configure:20175: $? = 0
configure:20179: test -z 
			 || test ! -s conftest.err
configure:20182: $? = 0
configure:20185: test -s conftest
configure:20188: $? = 0
configure:20200: result: yes
configure:20427: checking for vprintf
configure:20484: gcc -o conftest -g -O2   conftest.c  >&5
conftest.c:63:6: warning: incompatible redeclaration of library function 'vprintf' [-Wincompatible-library-redeclaration]
char vprintf ();
     ^
conftest.c:63:6: note: 'vprintf' is a builtin with type 'int (const char *, __va_list_tag *)'
1 warning generated.
configure:20490: $? = 0
configure:20494: test -z 
			 || test ! -s conftest.err
configure:20497: $? = 0
configure:20500: test -s conftest
configure:20503: $? = 0
configure:20515: result: yes
configure:20522: checking for _doprnt
configure:20579: gcc -o conftest -g -O2   conftest.c  >&5
Undefined symbols for architecture x86_64:
  "__doprnt", referenced from:
      _main in conftest-KbhTqi.o
      _f in conftest-KbhTqi.o
ld: symbol(s) not found for architecture x86_64
clang: error: linker command failed with exit code 1 (use -v to see invocation)
configure:20585: $? = 1
configure: failed program was:
| /* confdefs.h.  */
| 
| #define PACKAGE_NAME "OpenCOBOL"
| #define PACKAGE_TARNAME "open-cobol"
| #define PACKAGE_VERSION "1.1"
| #define PACKAGE_STRING "OpenCOBOL 1.1"
| #define PACKAGE_BUGREPORT "open-cobol-list@lists.sourceforge.net"
| #define PACKAGE "open-cobol"
| #define VERSION "1.1"
| #define __USE_STRING_INLINES 1
| #define STDC_HEADERS 1
| #define HAVE_SYS_TYPES_H 1
| #define HAVE_SYS_STAT_H 1
| #define HAVE_STDLIB_H 1
| #define HAVE_STRING_H 1
| #define HAVE_MEMORY_H 1
| #define HAVE_STRINGS_H 1
| #define HAVE_INTTYPES_H 1
| #define HAVE_STDINT_H 1
| #define HAVE_UNISTD_H 1
| #define WITH_DB 3
| #define PATCH_LEVEL 0
| #define WITH_VARSEQ 0
| #define HAVE_DLFCN_H 1
| #define STDC_HEADERS 1
| #define HAVE_STDINT_H 1
| #define HAVE_SYS_TYPES_H 1
| #define HAVE_SIGNAL_H 1
| #define HAVE_FCNTL_H 1
| #define HAVE_LOCALE_H 1
| #define HAVE_STDDEF_H 1
| #define HAVE_WCHAR_H 1
| #define HAVE_DLFCN_H 1
| #define HAVE_SYS_TIME_H 1
| #define COB_HAS_INLINE 1
| #define HAVE_ALLOCA_H 1
| #define HAVE_ALLOCA 1
| #define HAVE_VPRINTF 1
| /* end confdefs.h.  */
| /* Define _doprnt to an innocuous variant, in case <limits.h> declares _doprnt.
|    For example, HP-UX 11i <limits.h> declares gettimeofday.  */
| #define _doprnt innocuous__doprnt
| 
| /* System header to define __stub macros and hopefully few prototypes,
|     which can conflict with char _doprnt (); below.
|     Prefer <limits.h> to <assert.h> if __STDC__ is defined, since
|     <limits.h> exists even on freestanding compilers.  */
| 
| #ifdef __STDC__
| # include <limits.h>
| #else
| # include <assert.h>
| #endif
| 
| #undef _doprnt
| 
| /* Override any gcc2 internal prototype to avoid an error.  */
| #ifdef __cplusplus
| extern "C"
| {
| #endif
| /* We use char because int might match the return type of a gcc2
|    builtin and then its argument prototype would still apply.  */
| char _doprnt ();
| /* The GNU C library defines this for functions which it implements
|     to always fail with ENOSYS.  Some functions are actually named
|     something starting with __ and the normal name is an alias.  */
| #if defined (__stub__doprnt) || defined (__stub____doprnt)
| choke me
| #else
| char (*f) () = _doprnt;
| #endif
| #ifdef __cplusplus
| }
| #endif
| 
| int
| main ()
| {
| return f != _doprnt;
|   ;
|   return 0;
| }
configure:20610: result: no
configure:20640: checking for memmove
configure:20697: gcc -o conftest -g -O2   conftest.c  >&5
conftest.c:64:6: warning: incompatible redeclaration of library function 'memmove' [-Wincompatible-library-redeclaration]
char memmove ();
     ^
conftest.c:64:6: note: 'memmove' is a builtin with type 'void *(void *, const void *, unsigned long)'
1 warning generated.
configure:20703: $? = 0
configure:20707: test -z 
			 || test ! -s conftest.err
configure:20710: $? = 0
configure:20713: test -s conftest
configure:20716: $? = 0
configure:20728: result: yes
configure:20640: checking for memset
configure:20697: gcc -o conftest -g -O2   conftest.c  >&5
conftest.c:65:6: warning: incompatible redeclaration of library function 'memset' [-Wincompatible-library-redeclaration]
char memset ();
     ^
conftest.c:65:6: note: 'memset' is a builtin with type 'void *(void *, int, unsigned long)'
1 warning generated.
configure:20703: $? = 0
configure:20707: test -z 
			 || test ! -s conftest.err
configure:20710: $? = 0
configure:20713: test -s conftest
configure:20716: $? = 0
configure:20728: result: yes
configure:20640: checking for setlocale
configure:20697: gcc -o conftest -g -O2   conftest.c  >&5
configure:20703: $? = 0
configure:20707: test -z 
			 || test ! -s conftest.err
configure:20710: $? = 0
configure:20713: test -s conftest
configure:20716: $? = 0
configure:20728: result: yes
configure:20640: checking for fcntl
configure:20697: gcc -o conftest -g -O2   conftest.c  >&5
configure:20703: $? = 0
configure:20707: test -z 
			 || test ! -s conftest.err
configure:20710: $? = 0
configure:20713: test -s conftest
configure:20716: $? = 0
configure:20728: result: yes
configure:20640: checking for strerror
configure:20697: gcc -o conftest -g -O2   conftest.c  >&5
conftest.c:68:6: warning: incompatible redeclaration of library function 'strerror' [-Wincompatible-library-redeclaration]
char strerror ();
     ^
conftest.c:68:6: note: 'strerror' is a builtin with type 'char *(int)'
1 warning generated.
configure:20703: $? = 0
configure:20707: test -z 
			 || test ! -s conftest.err
configure:20710: $? = 0
configure:20713: test -s conftest
configure:20716: $? = 0
configure:20728: result: yes
configure:20640: checking for strcasecmp
configure:20697: gcc -o conftest -g -O2   conftest.c  >&5
conftest.c:69:6: warning: incompatible redeclaration of library function 'strcasecmp' [-Wincompatible-library-redeclaration]
char strcasecmp ();
     ^
conftest.c:69:6: note: 'strcasecmp' is a builtin with type 'int (const char *, const char *)'
1 warning generated.
configure:20703: $? = 0
configure:20707: test -z 
			 || test ! -s conftest.err
configure:20710: $? = 0
configure:20713: test -s conftest
configure:20716: $? = 0
configure:20728: result: yes
configure:20640: checking for strchr
configure:20697: gcc -o conftest -g -O2   conftest.c  >&5
conftest.c:70:6: warning: incompatible redeclaration of library function 'strchr' [-Wincompatible-library-redeclaration]
char strchr ();
     ^
conftest.c:70:6: note: 'strchr' is a builtin with type 'char *(const char *, int)'
1 warning generated.
configure:20703: $? = 0
configure:20707: test -z 
			 || test ! -s conftest.err
configure:20710: $? = 0
configure:20713: test -s conftest
configure:20716: $? = 0
configure:20728: result: yes
configure:20640: checking for strrchr
configure:20697: gcc -o conftest -g -O2   conftest.c  >&5
conftest.c:71:6: warning: incompatible redeclaration of library function 'strrchr' [-Wincompatible-library-redeclaration]
char strrchr ();
     ^
conftest.c:71:6: note: 'strrchr' is a builtin with type 'char *(const char *, int)'
1 warning generated.
configure:20703: $? = 0
configure:20707: test -z 
			 || test ! -s conftest.err
configure:20710: $? = 0
configure:20713: test -s conftest
configure:20716: $? = 0
configure:20728: result: yes
configure:20640: checking for strdup
configure:20697: gcc -o conftest -g -O2   conftest.c  >&5
conftest.c:72:6: warning: incompatible redeclaration of library function 'strdup' [-Wincompatible-library-redeclaration]
char strdup ();
     ^
conftest.c:72:6: note: 'strdup' is a builtin with type 'char *(const char *)'
1 warning generated.
configure:20703: $? = 0
configure:20707: test -z 
			 || test ! -s conftest.err
configure:20710: $? = 0
configure:20713: test -s conftest
configure:20716: $? = 0
configure:20728: result: yes
configure:20640: checking for strstr
configure:20697: gcc -o conftest -g -O2   conftest.c  >&5
conftest.c:73:6: warning: incompatible redeclaration of library function 'strstr' [-Wincompatible-library-redeclaration]
char strstr ();
     ^
conftest.c:73:6: note: 'strstr' is a builtin with type 'char *(const char *, const char *)'
1 warning generated.
configure:20703: $? = 0
configure:20707: test -z 
			 || test ! -s conftest.err
configure:20710: $? = 0
configure:20713: test -s conftest
configure:20716: $? = 0
configure:20728: result: yes
configure:20640: checking for strtol
configure:20697: gcc -o conftest -g -O2   conftest.c  >&5
configure:20703: $? = 0
configure:20707: test -z 
			 || test ! -s conftest.err
configure:20710: $? = 0
configure:20713: test -s conftest
configure:20716: $? = 0
configure:20728: result: yes
configure:20640: checking for gettimeofday
configure:20697: gcc -o conftest -g -O2   conftest.c  >&5
configure:20703: $? = 0
configure:20707: test -z 
			 || test ! -s conftest.err
configure:20710: $? = 0
configure:20713: test -s conftest
configure:20716: $? = 0
configure:20728: result: yes
configure:20756: gcc -c -g -O2  conftest.c >&5
configure:20762: $? = 0
configure:20766: test -z 
			 || test ! -s conftest.err
configure:20769: $? = 0
configure:20772: test -s conftest.o
configure:20775: $? = 0
configure:20829: checking for ld used by GCC
configure:20893: result: /Applications/Xcode.app/Contents/Developer/Toolchains/XcodeDefault.xctoolchain/usr/bin/ld
configure:20902: checking if the linker (/Applications/Xcode.app/Contents/Developer/Toolchains/XcodeDefault.xctoolchain/usr/bin/ld) is GNU ld
configure:20915: result: no
configure:20921: checking for shared library run path origin
configure:20934: result: done
configure:21364: checking for iconv
configure:21391: gcc -o conftest -g -O2   conftest.c  >&5
Undefined symbols for architecture x86_64:
  "_iconv", referenced from:
      _main in conftest-yyyhXs.o
  "_iconv_close", referenced from:
      _main in conftest-yyyhXs.o
  "_iconv_open", referenced from:
      _main in conftest-yyyhXs.o
ld: symbol(s) not found for architecture x86_64
clang: error: linker command failed with exit code 1 (use -v to see invocation)
configure:21397: $? = 1
configure: failed program was:
| /* confdefs.h.  */
| 
| #define PACKAGE_NAME "OpenCOBOL"
| #define PACKAGE_TARNAME "open-cobol"
| #define PACKAGE_VERSION "1.1"
| #define PACKAGE_STRING "OpenCOBOL 1.1"
| #define PACKAGE_BUGREPORT "open-cobol-list@lists.sourceforge.net"
| #define PACKAGE "open-cobol"
| #define VERSION "1.1"
| #define __USE_STRING_INLINES 1
| #define STDC_HEADERS 1
| #define HAVE_SYS_TYPES_H 1
| #define HAVE_SYS_STAT_H 1
| #define HAVE_STDLIB_H 1
| #define HAVE_STRING_H 1
| #define HAVE_MEMORY_H 1
| #define HAVE_STRINGS_H 1
| #define HAVE_INTTYPES_H 1
| #define HAVE_STDINT_H 1
| #define HAVE_UNISTD_H 1
| #define WITH_DB 3
| #define PATCH_LEVEL 0
| #define WITH_VARSEQ 0
| #define HAVE_DLFCN_H 1
| #define STDC_HEADERS 1
| #define HAVE_STDINT_H 1
| #define HAVE_SYS_TYPES_H 1
| #define HAVE_SIGNAL_H 1
| #define HAVE_FCNTL_H 1
| #define HAVE_LOCALE_H 1
| #define HAVE_STDDEF_H 1
| #define HAVE_WCHAR_H 1
| #define HAVE_DLFCN_H 1
| #define HAVE_SYS_TIME_H 1
| #define COB_HAS_INLINE 1
| #define HAVE_ALLOCA_H 1
| #define HAVE_ALLOCA 1
| #define HAVE_VPRINTF 1
| #define HAVE_MEMMOVE 1
| #define HAVE_MEMSET 1
| #define HAVE_SETLOCALE 1
| #define HAVE_FCNTL 1
| #define HAVE_STRERROR 1
| #define HAVE_STRCASECMP 1
| #define HAVE_STRCHR 1
| #define HAVE_STRRCHR 1
| #define HAVE_STRDUP 1
| #define HAVE_STRSTR 1
| #define HAVE_STRTOL 1
| #define HAVE_GETTIMEOFDAY 1
| #define HAVE_TIMEZONE 1
| /* end confdefs.h.  */
| #include <stdlib.h>
| #include <iconv.h>
| int
| main ()
| {
| iconv_t cd = iconv_open("","");
|        iconv(cd,NULL,NULL,NULL,NULL);
|        iconv_close(cd);
|   ;
|   return 0;
| }
configure:21442: gcc -o conftest -g -O2   conftest.c  -liconv >&5
configure:21448: $? = 0
configure:21452: test -z 
			 || test ! -s conftest.err
configure:21455: $? = 0
configure:21458: test -s conftest
configure:21461: $? = 0
configure:21476: result: yes
configure:21486: checking how to link with libiconv
configure:21488: result: -liconv
configure:21499: checking for iconv declaration
configure:21533: gcc -c -g -O2  conftest.c >&5
configure:21539: $? = 0
configure:21543: test -z 
			 || test ! -s conftest.err
configure:21546: $? = 0
configure:21549: test -s conftest.o
configure:21552: $? = 0
configure:21567: result: 
         extern size_t iconv (iconv_t cd, char * *inbuf, size_t *inbytesleft, char * *outbuf, size_t *outbytesleft);
configure:21578: checking for nl_langinfo and CODESET
configure:21599: gcc -o conftest -g -O2   conftest.c  >&5
configure:21605: $? = 0
configure:21609: test -z 
			 || test ! -s conftest.err
configure:21612: $? = 0
configure:21615: test -s conftest
configure:21618: $? = 0
configure:21631: result: yes
configure:21646: checking for getopt_long_only
configure:21703: gcc -o conftest -g -O2   conftest.c  >&5
configure:21709: $? = 0
configure:21713: test -z 
			 || test ! -s conftest.err
configure:21716: $? = 0
configure:21719: test -s conftest
configure:21722: $? = 0
configure:21734: result: yes
configure:21752: checking kpathsea/getopt.h usability
configure:21764: gcc -c -g -O2  conftest.c >&5
conftest.c:90:10: fatal error: 'kpathsea/getopt.h' file not found
#include <kpathsea/getopt.h>
         ^
1 error generated.
configure:21770: $? = 1
configure: failed program was:
| /* confdefs.h.  */
| 
| #define PACKAGE_NAME "OpenCOBOL"
| #define PACKAGE_TARNAME "open-cobol"
| #define PACKAGE_VERSION "1.1"
| #define PACKAGE_STRING "OpenCOBOL 1.1"
| #define PACKAGE_BUGREPORT "open-cobol-list@lists.sourceforge.net"
| #define PACKAGE "open-cobol"
| #define VERSION "1.1"
| #define __USE_STRING_INLINES 1
| #define STDC_HEADERS 1
| #define HAVE_SYS_TYPES_H 1
| #define HAVE_SYS_STAT_H 1
| #define HAVE_STDLIB_H 1
| #define HAVE_STRING_H 1
| #define HAVE_MEMORY_H 1
| #define HAVE_STRINGS_H 1
| #define HAVE_INTTYPES_H 1
| #define HAVE_STDINT_H 1
| #define HAVE_UNISTD_H 1
| #define WITH_DB 3
| #define PATCH_LEVEL 0
| #define WITH_VARSEQ 0
| #define HAVE_DLFCN_H 1
| #define STDC_HEADERS 1
| #define HAVE_STDINT_H 1
| #define HAVE_SYS_TYPES_H 1
| #define HAVE_SIGNAL_H 1
| #define HAVE_FCNTL_H 1
| #define HAVE_LOCALE_H 1
| #define HAVE_STDDEF_H 1
| #define HAVE_WCHAR_H 1
| #define HAVE_DLFCN_H 1
| #define HAVE_SYS_TIME_H 1
| #define COB_HAS_INLINE 1
| #define HAVE_ALLOCA_H 1
| #define HAVE_ALLOCA 1
| #define HAVE_VPRINTF 1
| #define HAVE_MEMMOVE 1
| #define HAVE_MEMSET 1
| #define HAVE_SETLOCALE 1
| #define HAVE_FCNTL 1
| #define HAVE_STRERROR 1
| #define HAVE_STRCASECMP 1
| #define HAVE_STRCHR 1
| #define HAVE_STRRCHR 1
| #define HAVE_STRDUP 1
| #define HAVE_STRSTR 1
| #define HAVE_STRTOL 1
| #define HAVE_GETTIMEOFDAY 1
| #define HAVE_TIMEZONE 1
| #define HAVE_ICONV 1
| #define ICONV_CONST 
| #define HAVE_LANGINFO_CODESET 1
| /* end confdefs.h.  */
| #include <stdio.h>
| #if HAVE_SYS_TYPES_H
| # include <sys/types.h>
| #endif
| #if HAVE_SYS_STAT_H
| # include <sys/stat.h>
| #endif
| #if STDC_HEADERS
| # include <stdlib.h>
| # include <stddef.h>
| #else
| # if HAVE_STDLIB_H
| #  include <stdlib.h>
| # endif
| #endif
| #if HAVE_STRING_H
| # if !STDC_HEADERS && HAVE_MEMORY_H
| #  include <memory.h>
| # endif
| # include <string.h>
| #endif
| #if HAVE_STRINGS_H
| # include <strings.h>
| #endif
| #if HAVE_INTTYPES_H
| # include <inttypes.h>
| #else
| # if HAVE_STDINT_H
| #  include <stdint.h>
| # endif
| #endif
| #if HAVE_UNISTD_H
| # include <unistd.h>
| #endif
| #include <kpathsea/getopt.h>
configure:21793: result: no
configure:21797: checking kpathsea/getopt.h presence
configure:21807: gcc -E  conftest.c
conftest.c:56:10: fatal error: 'kpathsea/getopt.h' file not found
#include <kpathsea/getopt.h>
         ^
1 error generated.
configure:21813: $? = 1
configure: failed program was:
| /* confdefs.h.  */
| 
| #define PACKAGE_NAME "OpenCOBOL"
| #define PACKAGE_TARNAME "open-cobol"
| #define PACKAGE_VERSION "1.1"
| #define PACKAGE_STRING "OpenCOBOL 1.1"
| #define PACKAGE_BUGREPORT "open-cobol-list@lists.sourceforge.net"
| #define PACKAGE "open-cobol"
| #define VERSION "1.1"
| #define __USE_STRING_INLINES 1
| #define STDC_HEADERS 1
| #define HAVE_SYS_TYPES_H 1
| #define HAVE_SYS_STAT_H 1
| #define HAVE_STDLIB_H 1
| #define HAVE_STRING_H 1
| #define HAVE_MEMORY_H 1
| #define HAVE_STRINGS_H 1
| #define HAVE_INTTYPES_H 1
| #define HAVE_STDINT_H 1
| #define HAVE_UNISTD_H 1
| #define WITH_DB 3
| #define PATCH_LEVEL 0
| #define WITH_VARSEQ 0
| #define HAVE_DLFCN_H 1
| #define STDC_HEADERS 1
| #define HAVE_STDINT_H 1
| #define HAVE_SYS_TYPES_H 1
| #define HAVE_SIGNAL_H 1
| #define HAVE_FCNTL_H 1
| #define HAVE_LOCALE_H 1
| #define HAVE_STDDEF_H 1
| #define HAVE_WCHAR_H 1
| #define HAVE_DLFCN_H 1
| #define HAVE_SYS_TIME_H 1
| #define COB_HAS_INLINE 1
| #define HAVE_ALLOCA_H 1
| #define HAVE_ALLOCA 1
| #define HAVE_VPRINTF 1
| #define HAVE_MEMMOVE 1
| #define HAVE_MEMSET 1
| #define HAVE_SETLOCALE 1
| #define HAVE_FCNTL 1
| #define HAVE_STRERROR 1
| #define HAVE_STRCASECMP 1
| #define HAVE_STRCHR 1
| #define HAVE_STRRCHR 1
| #define HAVE_STRDUP 1
| #define HAVE_STRSTR 1
| #define HAVE_STRTOL 1
| #define HAVE_GETTIMEOFDAY 1
| #define HAVE_TIMEZONE 1
| #define HAVE_ICONV 1
| #define ICONV_CONST 
| #define HAVE_LANGINFO_CODESET 1
| /* end confdefs.h.  */
| #include <kpathsea/getopt.h>
configure:21833: result: no
configure:21868: checking for kpathsea/getopt.h
configure:21875: result: no
configure:21752: checking getopt.h usability
configure:21764: gcc -c -g -O2  conftest.c >&5
configure:21770: $? = 0
configure:21774: test -z 
			 || test ! -s conftest.err
configure:21777: $? = 0
configure:21780: test -s conftest.o
configure:21783: $? = 0
configure:21793: result: yes
configure:21797: checking getopt.h presence
configure:21807: gcc -E  conftest.c
configure:21813: $? = 0
configure:21833: result: yes
configure:21868: checking for getopt.h
configure:21875: result: yes
configure:21924: checking gmp.h usability
configure:21936: gcc -c -g -O2  conftest.c >&5
conftest.c:91:10: fatal error: 'gmp.h' file not found
#include <gmp.h>
         ^
1 error generated.
configure:21942: $? = 1
configure: failed program was:
| /* confdefs.h.  */
| 
| #define PACKAGE_NAME "OpenCOBOL"
| #define PACKAGE_TARNAME "open-cobol"
| #define PACKAGE_VERSION "1.1"
| #define PACKAGE_STRING "OpenCOBOL 1.1"
| #define PACKAGE_BUGREPORT "open-cobol-list@lists.sourceforge.net"
| #define PACKAGE "open-cobol"
| #define VERSION "1.1"
| #define __USE_STRING_INLINES 1
| #define STDC_HEADERS 1
| #define HAVE_SYS_TYPES_H 1
| #define HAVE_SYS_STAT_H 1
| #define HAVE_STDLIB_H 1
| #define HAVE_STRING_H 1
| #define HAVE_MEMORY_H 1
| #define HAVE_STRINGS_H 1
| #define HAVE_INTTYPES_H 1
| #define HAVE_STDINT_H 1
| #define HAVE_UNISTD_H 1
| #define WITH_DB 3
| #define PATCH_LEVEL 0
| #define WITH_VARSEQ 0
| #define HAVE_DLFCN_H 1
| #define STDC_HEADERS 1
| #define HAVE_STDINT_H 1
| #define HAVE_SYS_TYPES_H 1
| #define HAVE_SIGNAL_H 1
| #define HAVE_FCNTL_H 1
| #define HAVE_LOCALE_H 1
| #define HAVE_STDDEF_H 1
| #define HAVE_WCHAR_H 1
| #define HAVE_DLFCN_H 1
| #define HAVE_SYS_TIME_H 1
| #define COB_HAS_INLINE 1
| #define HAVE_ALLOCA_H 1
| #define HAVE_ALLOCA 1
| #define HAVE_VPRINTF 1
| #define HAVE_MEMMOVE 1
| #define HAVE_MEMSET 1
| #define HAVE_SETLOCALE 1
| #define HAVE_FCNTL 1
| #define HAVE_STRERROR 1
| #define HAVE_STRCASECMP 1
| #define HAVE_STRCHR 1
| #define HAVE_STRRCHR 1
| #define HAVE_STRDUP 1
| #define HAVE_STRSTR 1
| #define HAVE_STRTOL 1
| #define HAVE_GETTIMEOFDAY 1
| #define HAVE_TIMEZONE 1
| #define HAVE_ICONV 1
| #define ICONV_CONST 
| #define HAVE_LANGINFO_CODESET 1
| #define HAVE_GETOPT_H 1
| /* end confdefs.h.  */
| #include <stdio.h>
| #if HAVE_SYS_TYPES_H
| # include <sys/types.h>
| #endif
| #if HAVE_SYS_STAT_H
| # include <sys/stat.h>
| #endif
| #if STDC_HEADERS
| # include <stdlib.h>
| # include <stddef.h>
| #else
| # if HAVE_STDLIB_H
| #  include <stdlib.h>
| # endif
| #endif
| #if HAVE_STRING_H
| # if !STDC_HEADERS && HAVE_MEMORY_H
| #  include <memory.h>
| # endif
| # include <string.h>
| #endif
| #if HAVE_STRINGS_H
| # include <strings.h>
| #endif
| #if HAVE_INTTYPES_H
| # include <inttypes.h>
| #else
| # if HAVE_STDINT_H
| #  include <stdint.h>
| # endif
| #endif
| #if HAVE_UNISTD_H
| # include <unistd.h>
| #endif
| #include <gmp.h>
configure:21965: result: no
configure:21969: checking gmp.h presence
configure:21979: gcc -E  conftest.c
conftest.c:57:10: fatal error: 'gmp.h' file not found
#include <gmp.h>
         ^
1 error generated.
configure:21985: $? = 1
configure: failed program was:
| /* confdefs.h.  */
| 
| #define PACKAGE_NAME "OpenCOBOL"
| #define PACKAGE_TARNAME "open-cobol"
| #define PACKAGE_VERSION "1.1"
| #define PACKAGE_STRING "OpenCOBOL 1.1"
| #define PACKAGE_BUGREPORT "open-cobol-list@lists.sourceforge.net"
| #define PACKAGE "open-cobol"
| #define VERSION "1.1"
| #define __USE_STRING_INLINES 1
| #define STDC_HEADERS 1
| #define HAVE_SYS_TYPES_H 1
| #define HAVE_SYS_STAT_H 1
| #define HAVE_STDLIB_H 1
| #define HAVE_STRING_H 1
| #define HAVE_MEMORY_H 1
| #define HAVE_STRINGS_H 1
| #define HAVE_INTTYPES_H 1
| #define HAVE_STDINT_H 1
| #define HAVE_UNISTD_H 1
| #define WITH_DB 3
| #define PATCH_LEVEL 0
| #define WITH_VARSEQ 0
| #define HAVE_DLFCN_H 1
| #define STDC_HEADERS 1
| #define HAVE_STDINT_H 1
| #define HAVE_SYS_TYPES_H 1
| #define HAVE_SIGNAL_H 1
| #define HAVE_FCNTL_H 1
| #define HAVE_LOCALE_H 1
| #define HAVE_STDDEF_H 1
| #define HAVE_WCHAR_H 1
| #define HAVE_DLFCN_H 1
| #define HAVE_SYS_TIME_H 1
| #define COB_HAS_INLINE 1
| #define HAVE_ALLOCA_H 1
| #define HAVE_ALLOCA 1
| #define HAVE_VPRINTF 1
| #define HAVE_MEMMOVE 1
| #define HAVE_MEMSET 1
| #define HAVE_SETLOCALE 1
| #define HAVE_FCNTL 1
| #define HAVE_STRERROR 1
| #define HAVE_STRCASECMP 1
| #define HAVE_STRCHR 1
| #define HAVE_STRRCHR 1
| #define HAVE_STRDUP 1
| #define HAVE_STRSTR 1
| #define HAVE_STRTOL 1
| #define HAVE_GETTIMEOFDAY 1
| #define HAVE_TIMEZONE 1
| #define HAVE_ICONV 1
| #define ICONV_CONST 
| #define HAVE_LANGINFO_CODESET 1
| #define HAVE_GETOPT_H 1
| /* end confdefs.h.  */
| #include <gmp.h>
configure:22005: result: no
configure:22040: checking for gmp.h
configure:22047: result: no
configure:22057: error: gmp.h is required

## ---------------- ##
## Cache variables. ##
## ---------------- ##

ac_cv_build=i386-apple-darwin13.0.2
ac_cv_build_alias=i386-apple-darwin13.0.2
ac_cv_c_bigendian=no
ac_cv_c_compiler_gnu=yes
ac_cv_c_const=yes
ac_cv_c_inline=inline
ac_cv_env_CC_set=
ac_cv_env_CC_value=
ac_cv_env_CFLAGS_set=
ac_cv_env_CFLAGS_value=
ac_cv_env_CPPFLAGS_set=
ac_cv_env_CPPFLAGS_value=
ac_cv_env_CPP_set=
ac_cv_env_CPP_value=
ac_cv_env_CXXCPP_set=
ac_cv_env_CXXCPP_value=
ac_cv_env_LDFLAGS_set=
ac_cv_env_LDFLAGS_value=
ac_cv_env_build_alias_set=
ac_cv_env_build_alias_value=
ac_cv_env_host_alias_set=
ac_cv_env_host_alias_value=
ac_cv_env_target_alias_set=
ac_cv_env_target_alias_value=
ac_cv_exeext=
ac_cv_func__doprnt=no
ac_cv_func_alloca_works=yes
ac_cv_func_fcntl=yes
ac_cv_func_getopt_long_only=yes
ac_cv_func_gettimeofday=yes
ac_cv_func_memmove=yes
ac_cv_func_memset=yes
ac_cv_func_setlocale=yes
ac_cv_func_strcasecmp=yes
ac_cv_func_strchr=yes
ac_cv_func_strdup=yes
ac_cv_func_strerror=yes
ac_cv_func_strrchr=yes
ac_cv_func_strstr=yes
ac_cv_func_strtol=yes
ac_cv_func_vprintf=yes
ac_cv_header_dlfcn_h=yes
ac_cv_header_fcntl_h=yes
ac_cv_header_getopt_h=yes
ac_cv_header_gmp_h=no
ac_cv_header_inttypes_h=yes
ac_cv_header_kpathsea_getopt_h=no
ac_cv_header_locale_h=yes
ac_cv_header_malloc_h=no
ac_cv_header_memory_h=yes
ac_cv_header_signal_h=yes
ac_cv_header_stdc=yes
ac_cv_header_stddef_h=yes
ac_cv_header_stdint_h=yes
ac_cv_header_stdlib_h=yes
ac_cv_header_string_h=yes
ac_cv_header_strings_h=yes
ac_cv_header_sys_stat_h=yes
ac_cv_header_sys_time_h=yes
ac_cv_header_sys_types_h=yes
ac_cv_header_unistd_h=yes
ac_cv_header_wchar_h=yes
ac_cv_host=i386-apple-darwin13.0.2
ac_cv_host_alias=i386-apple-darwin13.0.2
ac_cv_lib_dl_dlopen=yes
ac_cv_objext=o
ac_cv_path_install='/usr/bin/install -c'
ac_cv_prog_AWK=awk
ac_cv_prog_CPP='gcc -E'
ac_cv_prog_ac_ct_AR=ar
ac_cv_prog_ac_ct_CC=gcc
ac_cv_prog_ac_ct_RANLIB=ranlib
ac_cv_prog_ac_ct_STRIP=strip
ac_cv_prog_cc_g=yes
ac_cv_prog_cc_stdc=
ac_cv_prog_egrep='grep -E'
ac_cv_prog_make_make_set=yes
ac_cv_struct_tm=time.h
ac_cv_type_size_t=yes
ac_cv_working_alloca_h=yes
acl_cv_hardcode_direct=no
acl_cv_hardcode_libdir_flag_spec=
acl_cv_hardcode_libdir_separator=
acl_cv_hardcode_minus_L=no
acl_cv_libext=a
acl_cv_path_LD=/Applications/Xcode.app/Contents/Developer/Toolchains/XcodeDefault.xctoolchain/usr/bin/ld
acl_cv_prog_gnu_ld=no
acl_cv_rpath=done
acl_cv_shlibext=dylib
acl_cv_wl=-Wl,
am_cv_CC_dependencies_compiler_type=gcc3
am_cv_func_iconv=yes
am_cv_langinfo_codeset=yes
am_cv_lib_iconv=yes
am_cv_proto_iconv='extern size_t iconv (iconv_t cd, char * *inbuf, size_t *inbytesleft, char * *outbuf, size_t *outbytesleft);'
am_cv_proto_iconv_arg1=
lt_cv_deplibs_check_method=pass_all
lt_cv_dlopen=dlopen
lt_cv_dlopen_libs=-ldl
lt_cv_dlopen_self=yes
lt_cv_dlopen_self_static=yes
lt_cv_file_magic_cmd='$MAGIC_CMD'
lt_cv_file_magic_test_file=
lt_cv_ld_reload_flag=-r
lt_cv_objdir=.libs
lt_cv_path_LD=/Applications/Xcode.app/Contents/Developer/Toolchains/XcodeDefault.xctoolchain/usr/bin/ld
lt_cv_path_NM=/usr/bin/nm
lt_cv_path_SED=/usr/bin/sed
lt_cv_prog_compiler_c_o=yes
lt_cv_prog_compiler_rtti_exceptions=yes
lt_cv_prog_gnu_ld=no
lt_cv_sys_global_symbol_pipe='sed -n -e '\''s/^.*[ 	]\([BCDEGRST][BCDEGRST]*\)[ 	][ 	]*_\([_A-Za-z][_A-Za-z0-9]*\)$/\1 _\2 \2/p'\'''
lt_cv_sys_global_symbol_to_c_name_address='sed -n -e '\''s/^: \([^ ]*\) $/  {\"\1\", (lt_ptr) 0},/p'\'' -e '\''s/^[BCDEGRST] \([^ ]*\) \([^ ]*\)$/  {"\2", (lt_ptr) \&\2},/p'\'''
lt_cv_sys_global_symbol_to_cdecl='sed -n -e '\''s/^. .* \(.*\)$/extern int \1;/p'\'''
lt_cv_sys_max_cmd_len=196608
lt_lt_cv_prog_compiler_c_o='"yes"'
lt_lt_cv_sys_global_symbol_pipe='"sed -n -e '\''s/^.*[ 	]\\([BCDEGRST][BCDEGRST]*\\)[ 	][ 	]*_\\([_A-Za-z][_A-Za-z0-9]*\\)\$/\\1 _\\2 \\2/p'\''"'
lt_lt_cv_sys_global_symbol_to_c_name_address='"sed -n -e '\''s/^: \\([^ ]*\\) \$/  {\\\"\\1\\\", (lt_ptr) 0},/p'\'' -e '\''s/^[BCDEGRST] \\([^ ]*\\) \\([^ ]*\\)\$/  {\"\\2\", (lt_ptr) \\&\\2},/p'\''"'
lt_lt_cv_sys_global_symbol_to_cdecl='"sed -n -e '\''s/^. .* \\(.*\\)\$/extern int \\1;/p'\''"'

## ----------------- ##
## Output variables. ##
## ----------------- ##

ACLOCAL='aclocal-1.9'
ALLOCA=''
AMDEPBACKSLASH='\'
AMDEP_FALSE='#'
AMDEP_TRUE=''
AMTAR='tar'
AR='ar'
AS='as'
AUTOCONF='autoconf'
AUTOHEADER='autoheader'
AUTOMAKE='automake-1.9'
AWK='awk'
CC='gcc'
CCDEPMODE='depmode=gcc3'
CFLAGS='-g -O2'
COBC_LIBS=''
COB_BIGENDIAN=''
COB_CC='gcc'
COB_CFLAGS=''
COB_CONFIG_DIR=''
COB_COPY_DIR=''
COB_EXPORT_DYN=''
COB_FIX_LIB=''
COB_HAS_INLINE=''
COB_LDFLAGS=''
COB_LIBRARY_PATH=''
COB_LIBS=''
COB_MODULE_EXT=''
COB_PIC_FLAGS=''
COB_SHARED_OPT=''
CPP='gcc -E'
CPPFLAGS=''
CXXCPP=''
CYGPATH_W='echo'
DEFS=''
DEPDIR='.deps'
DLLTOOL='dlltool'
ECHO='/bin/echo'
ECHO_C='ECHO_N=''
ECHO_T=''
EGREP='grep -E'
EXEEXT=''
GMSGFMT=''
INSTALL_DATA='${INSTALL} -m 644'
INSTALL_PROGRAM='${INSTALL}'
INSTALL_SCRIPT='${INSTALL}'
INSTALL_STRIP_PROGRAM='${SHELL} $(install_sh) -c -s'
INTLLIBS=''
LDFLAGS=''
LIBCOB_CFLAGS=''
LIBCOB_LIBS='-lm'
LIBICONV='-liconv'
LIBINTL=''
LIBOBJS=''
LIBS=''
LIBTOOL='$(SHELL) $(top_builddir)/libtool'
LN_S='ln -s'
LTLIBICONV='-liconv'
LTLIBINTL=''
LTLIBOBJS=''
MAINT='#'
MAINTAINER_MODE_FALSE=''
MAINTAINER_MODE_TRUE='#'
MAKEINFO='makeinfo'
MKINSTALLDIRS=''
MSGFMT=''
MSGMERGE=''
OBJDUMP='objdump'
OBJEXT='o'
PACKAGE='open-cobol'
PACKAGE_BUGREPORT='open-cobol-list@lists.sourceforge.net'
PACKAGE_NAME='OpenCOBOL'
PACKAGE_STRING='OpenCOBOL 1.1'
PACKAGE_TARNAME='open-cobol'
PACKAGE_VERSION='1.1'
PATH_SEPARATOR=':'
POSUB=''
RANLIB='ranlib'
SED='/usr/bin/sed'
SET_MAKE=''
SHELL='/bin/sh'
STRIP='strip'
USE_NLS=''
VERSION='1.1'
XGETTEXT=''
ac_ct_AR='ar'
ac_ct_AS=''
ac_ct_CC='gcc'
ac_ct_DLLTOOL=''
ac_ct_OBJDUMP=''
ac_ct_RANLIB='ranlib'
ac_ct_STRIP='strip'
am__fastdepCC_FALSE='#'
am__fastdepCC_TRUE=''
am__include='include'
am__leading_dot='.'
am__quote=''
am__tar='${AMTAR} chof - "$$tardir"'
am__untar='${AMTAR} xf -'
bindir='${exec_prefix}/bin'
build='i386-apple-darwin13.0.2'
build_alias=''
build_cpu='i386'
build_os='darwin13.0.2'
build_vendor='apple'
datadir='${prefix}/share'
exec_prefix='NONE'
host='i386-apple-darwin13.0.2'
host_alias=''
host_cpu='i386'
host_os='darwin13.0.2'
host_vendor='apple'
includedir='${prefix}/include'
infodir='${prefix}/info'
install_sh='/Users/xaviergeerinck/Documents/KdG_IAO301A/Legacy Systems/open-cobol-1.1/install-sh'
libdir='${exec_prefix}/lib'
libexecdir='${exec_prefix}/libexec'
localstatedir='${prefix}/var'
mandir='${prefix}/man'
mkdir_p='$(mkinstalldirs)'
oldincludedir='/usr/include'
prefix='NONE'
program_transform_name='s,x,x,'
sbindir='${exec_prefix}/sbin'
sharedstatedir='${prefix}/com'
sysconfdir='${prefix}/etc'
target_alias=''

## ----------- ##
## confdefs.h. ##
## ----------- ##

#define COB_HAS_INLINE 1
#define HAVE_ALLOCA 1
#define HAVE_ALLOCA_H 1
#define HAVE_DLFCN_H 1
#define HAVE_DLFCN_H 1
#define HAVE_FCNTL 1
#define HAVE_FCNTL_H 1
#define HAVE_GETOPT_H 1
#define HAVE_GETTIMEOFDAY 1
#define HAVE_ICONV 1
#define HAVE_INTTYPES_H 1
#define HAVE_LANGINFO_CODESET 1
#define HAVE_LOCALE_H 1
#define HAVE_MEMMOVE 1
#define HAVE_MEMORY_H 1
#define HAVE_MEMSET 1
#define HAVE_SETLOCALE 1
#define HAVE_SIGNAL_H 1
#define HAVE_STDDEF_H 1
#define HAVE_STDINT_H 1
#define HAVE_STDINT_H 1
#define HAVE_STDLIB_H 1
#define HAVE_STRCASECMP 1
#define HAVE_STRCHR 1
#define HAVE_STRDUP 1
#define HAVE_STRERROR 1
#define HAVE_STRINGS_H 1
#define HAVE_STRING_H 1
#define HAVE_STRRCHR 1
#define HAVE_STRSTR 1
#define HAVE_STRTOL 1
#define HAVE_SYS_STAT_H 1
#define HAVE_SYS_TIME_H 1
#define HAVE_SYS_TYPES_H 1
#define HAVE_SYS_TYPES_H 1
#define HAVE_TIMEZONE 1
#define HAVE_UNISTD_H 1
#define HAVE_VPRINTF 1
#define HAVE_WCHAR_H 1
#define ICONV_CONST 
#define PACKAGE "open-cobol"
#define PACKAGE_BUGREPORT "open-cobol-list@lists.sourceforge.net"
#define PACKAGE_NAME "OpenCOBOL"
#define PACKAGE_STRING "OpenCOBOL 1.1"
#define PACKAGE_TARNAME "open-cobol"
#define PACKAGE_VERSION "1.1"
#define PATCH_LEVEL 0
#define STDC_HEADERS 1
#define STDC_HEADERS 1
#define VERSION "1.1"
#define WITH_DB 3
#define WITH_VARSEQ 0
#define __USE_STRING_INLINES 1

configure: exit 1
